<?xml version="1.0" encoding="UTF-8"?>
<!-- Generated by org.testng.reporters.JUnitReportReporter -->
<testsuite hostname="fv-az738-63" failures="0" tests="1" name="com.luxequality.tests.Login" time="1.903" errors="0" timestamp="2024-03-02T06:23:19 UTC" skipped="0">
  <testcase classname="com.luxequality.tests.Login" name="LoginToWebsite" time="1.903"/>
</testsuite> <!-- com.luxequality.tests.Login -->
