<?xml version="1.0" encoding="UTF-8"?>
<!-- Generated by org.testng.reporters.JUnitReportReporter -->
<testsuite hostname="fv-az1432-559" failures="0" tests="1" name="com.luxequality.tests.Login" time="4.993" errors="0" timestamp="2024-02-10T06:21:58 UTC" skipped="0">
  <testcase classname="com.luxequality.tests.Login" name="LoginToWebsite" time="4.993"/>
</testsuite> <!-- com.luxequality.tests.Login -->
