<?xml version="1.0" encoding="UTF-8"?>
<!-- Generated by org.testng.reporters.JUnitReportReporter -->
<testsuite hostname="fv-az887-96" failures="0" tests="1" name="com.luxequality.tests.Login" time="1.581" errors="0" timestamp="2024-01-16T06:24:48 UTC" skipped="0">
  <testcase classname="com.luxequality.tests.Login" name="LoginToWebsite" time="1.581"/>
</testsuite> <!-- com.luxequality.tests.Login -->
