<?xml version="1.0" encoding="UTF-8"?>
<!-- Generated by org.testng.reporters.JUnitReportReporter -->
<testsuite hostname="fv-az985-937" failures="0" tests="1" name="com.luxequality.tests.Login" time="2.708" errors="0" timestamp="2024-02-28T06:22:52 UTC" skipped="0">
  <testcase classname="com.luxequality.tests.Login" name="LoginToWebsite" time="2.708"/>
</testsuite> <!-- com.luxequality.tests.Login -->
