<?xml version="1.0" encoding="UTF-8"?>
<!-- Generated by org.testng.reporters.JUnitReportReporter -->
<testsuite hostname="fv-az1200-164" failures="0" tests="1" name="com.luxequality.tests.Login" time="0.527" errors="0" timestamp="2024-01-23T06:24:40 UTC" skipped="0">
  <testcase classname="com.luxequality.tests.Login" name="LoginToWebsite" time="0.527"/>
</testsuite> <!-- com.luxequality.tests.Login -->
