<?xml version="1.0" encoding="UTF-8"?>
<!-- Generated by org.testng.reporters.JUnitReportReporter -->
<testsuite hostname="fv-az695-715" failures="0" tests="1" name="com.luxequality.tests.Login" time="1.827" errors="0" timestamp="2024-02-06T06:22:21 UTC" skipped="0">
  <testcase classname="com.luxequality.tests.Login" name="LoginToWebsite" time="1.827"/>
</testsuite> <!-- com.luxequality.tests.Login -->
