<?xml version="1.0" encoding="UTF-8"?>
<!-- Generated by org.testng.reporters.JUnitReportReporter -->
<testsuite hostname="fv-az714-44" failures="0" tests="1" name="com.luxequality.tests.Login" time="2.287" errors="0" timestamp="2024-03-14T06:23:08 UTC" skipped="0">
  <testcase classname="com.luxequality.tests.Login" name="LoginToWebsite" time="2.287"/>
</testsuite> <!-- com.luxequality.tests.Login -->
