<?xml version="1.0" encoding="UTF-8"?>
<!-- Generated by org.testng.reporters.JUnitReportReporter -->
<testsuite hostname="fv-az888-539" failures="0" tests="1" name="com.luxequality.tests.Login" time="0.593" errors="0" timestamp="2024-02-16T06:22:51 UTC" skipped="0">
  <testcase classname="com.luxequality.tests.Login" name="LoginToWebsite" time="0.593"/>
</testsuite> <!-- com.luxequality.tests.Login -->
