<?xml version="1.0" encoding="UTF-8"?>
<!-- Generated by org.testng.reporters.JUnitReportReporter -->
<testsuite hostname="fv-az661-187" failures="0" tests="1" name="com.luxequality.tests.Login" time="1.671" errors="0" timestamp="2024-03-19T06:22:39 UTC" skipped="0">
  <testcase classname="com.luxequality.tests.Login" name="LoginToWebsite" time="1.671"/>
</testsuite> <!-- com.luxequality.tests.Login -->
