<?xml version="1.0" encoding="UTF-8"?>
<!-- Generated by org.testng.reporters.JUnitReportReporter -->
<testsuite hostname="fv-az1247-318" failures="0" tests="1" name="com.luxequality.tests.Login" time="1.805" errors="0" timestamp="2024-02-03T06:21:06 UTC" skipped="0">
  <testcase classname="com.luxequality.tests.Login" name="LoginToWebsite" time="1.805"/>
</testsuite> <!-- com.luxequality.tests.Login -->
