<?xml version="1.0" encoding="UTF-8"?>
<!-- Generated by org.testng.reporters.JUnitReportReporter -->
<testsuite hostname="fv-az842-30" failures="0" tests="1" name="com.luxequality.tests.Login" time="0.598" errors="0" timestamp="2024-02-18T06:21:32 UTC" skipped="0">
  <testcase classname="com.luxequality.tests.Login" name="LoginToWebsite" time="0.598"/>
</testsuite> <!-- com.luxequality.tests.Login -->
