<?xml version="1.0" encoding="UTF-8"?>
<!-- Generated by org.testng.reporters.JUnitReportReporter -->
<testsuite hostname="fv-az1040-525" failures="0" tests="1" name="com.luxequality.tests.Login" time="0.891" errors="0" timestamp="2024-01-09T06:24:12 UTC" skipped="0">
  <testcase classname="com.luxequality.tests.Login" name="LoginToWebsite" time="0.891"/>
</testsuite> <!-- com.luxequality.tests.Login -->
