<?xml version="1.0" encoding="UTF-8"?>
<!-- Generated by org.testng.reporters.JUnitReportReporter -->
<testsuite hostname="fv-az1269-152" failures="0" tests="1" name="com.luxequality.tests.Login" time="1.635" errors="0" timestamp="2024-01-21T06:24:05 UTC" skipped="0">
  <testcase classname="com.luxequality.tests.Login" name="LoginToWebsite" time="1.635"/>
</testsuite> <!-- com.luxequality.tests.Login -->
