<?xml version="1.0" encoding="UTF-8"?>
<!-- Generated by org.testng.reporters.JUnitReportReporter -->
<testsuite hostname="fv-az573-424" failures="0" tests="1" name="com.luxequality.tests.Login" time="2.019" errors="0" timestamp="2024-01-27T06:20:31 UTC" skipped="0">
  <testcase classname="com.luxequality.tests.Login" name="LoginToWebsite" time="2.019"/>
</testsuite> <!-- com.luxequality.tests.Login -->
