<?xml version="1.0" encoding="UTF-8"?>
<!-- Generated by org.testng.reporters.JUnitReportReporter -->
<testsuite hostname="fv-az1433-272" failures="0" tests="1" name="com.luxequality.tests.Login" time="2.037" errors="0" timestamp="2024-02-15T06:23:01 UTC" skipped="0">
  <testcase classname="com.luxequality.tests.Login" name="LoginToWebsite" time="2.037"/>
</testsuite> <!-- com.luxequality.tests.Login -->
