<?xml version="1.0" encoding="UTF-8"?>
<!-- Generated by org.testng.reporters.JUnitReportReporter -->
<testsuite hostname="fv-az914-234" failures="0" tests="1" name="com.luxequality.tests.Login" time="0.653" errors="0" timestamp="2024-01-18T06:24:55 UTC" skipped="0">
  <testcase classname="com.luxequality.tests.Login" name="LoginToWebsite" time="0.653"/>
</testsuite> <!-- com.luxequality.tests.Login -->
