<?xml version="1.0" encoding="UTF-8"?>
<!-- Generated by org.testng.reporters.JUnitReportReporter -->
<testsuite hostname="fv-az1040-488" failures="0" tests="1" name="com.luxequality.tests.Login" time="1.648" errors="0" timestamp="2024-02-04T06:21:02 UTC" skipped="0">
  <testcase classname="com.luxequality.tests.Login" name="LoginToWebsite" time="1.648"/>
</testsuite> <!-- com.luxequality.tests.Login -->
