<?xml version="1.0" encoding="UTF-8"?>
<!-- Generated by org.testng.reporters.JUnitReportReporter -->
<testsuite hostname="fv-az740-536" failures="0" tests="1" name="com.luxequality.tests.Login" time="1.766" errors="0" timestamp="2024-02-12T06:22:50 UTC" skipped="0">
  <testcase classname="com.luxequality.tests.Login" name="LoginToWebsite" time="1.766"/>
</testsuite> <!-- com.luxequality.tests.Login -->
