<?xml version="1.0" encoding="UTF-8"?>
<!-- Generated by org.testng.reporters.JUnitReportReporter -->
<testsuite hostname="fv-az573-660" failures="0" tests="1" name="com.luxequality.tests.Login" time="3.767" errors="0" timestamp="2024-02-29T06:23:17 UTC" skipped="0">
  <testcase classname="com.luxequality.tests.Login" name="LoginToWebsite" time="3.767"/>
</testsuite> <!-- com.luxequality.tests.Login -->
