<?xml version="1.0" encoding="UTF-8"?>
<!-- Generated by org.testng.reporters.JUnitReportReporter -->
<testsuite hostname="fv-az570-808" failures="0" tests="1" name="com.luxequality.tests.Login" time="1.598" errors="0" timestamp="2024-01-12T06:24:56 UTC" skipped="0">
  <testcase classname="com.luxequality.tests.Login" name="LoginToWebsite" time="1.598"/>
</testsuite> <!-- com.luxequality.tests.Login -->
