<?xml version="1.0" encoding="UTF-8"?>
<!-- Generated by org.testng.reporters.JUnitReportReporter -->
<testsuite hostname="fv-az775-848" failures="0" tests="1" name="com.luxequality.tests.Login" time="1.293" errors="0" timestamp="2024-01-28T06:20:56 UTC" skipped="0">
  <testcase classname="com.luxequality.tests.Login" name="LoginToWebsite" time="1.293"/>
</testsuite> <!-- com.luxequality.tests.Login -->
