<?xml version="1.0" encoding="UTF-8"?>
<!-- Generated by org.testng.reporters.JUnitReportReporter -->
<testsuite hostname="fv-az973-351" failures="0" tests="1" name="com.luxequality.tests.Login" time="1.771" errors="0" timestamp="2024-01-25T06:25:01 UTC" skipped="0">
  <testcase classname="com.luxequality.tests.Login" name="LoginToWebsite" time="1.771"/>
</testsuite> <!-- com.luxequality.tests.Login -->
