<?xml version="1.0" encoding="UTF-8"?>
<!-- Generated by org.testng.reporters.JUnitReportReporter -->
<testsuite hostname="fv-az1272-945" failures="0" tests="1" name="com.luxequality.tests.Login" time="1.582" errors="0" timestamp="2024-02-19T06:24:07 UTC" skipped="0">
  <testcase classname="com.luxequality.tests.Login" name="LoginToWebsite" time="1.582"/>
</testsuite> <!-- com.luxequality.tests.Login -->
