<?xml version="1.0" encoding="UTF-8"?>
<!-- Generated by org.testng.reporters.JUnitReportReporter -->
<testsuite hostname="fv-az1152-119" failures="0" tests="1" name="com.luxequality.tests.Login" time="1.674" errors="0" timestamp="2024-03-03T06:21:50 UTC" skipped="0">
  <testcase classname="com.luxequality.tests.Login" name="LoginToWebsite" time="1.674"/>
</testsuite> <!-- com.luxequality.tests.Login -->
