<?xml version="1.0" encoding="UTF-8"?>
<!-- Generated by org.testng.reporters.JUnitReportReporter -->
<testsuite hostname="fv-az802-323" failures="0" tests="1" name="com.luxequality.tests.Login" time="1.664" errors="0" timestamp="2024-01-08T06:25:01 UTC" skipped="0">
  <testcase classname="com.luxequality.tests.Login" name="LoginToWebsite" time="1.664"/>
</testsuite> <!-- com.luxequality.tests.Login -->
