<?xml version="1.0" encoding="UTF-8"?>
<!-- Generated by org.testng.reporters.JUnitReportReporter -->
<testsuite hostname="fv-az573-410" failures="0" tests="1" name="com.luxequality.tests.Login" time="1.755" errors="0" timestamp="2024-01-24T06:25:07 UTC" skipped="0">
  <testcase classname="com.luxequality.tests.Login" name="LoginToWebsite" time="1.755"/>
</testsuite> <!-- com.luxequality.tests.Login -->
