<?xml version="1.0" encoding="UTF-8"?>
<!-- Generated by org.testng.reporters.JUnitReportReporter -->
<testsuite hostname="fv-az1020-393" failures="0" tests="1" name="com.luxequality.tests.Login" time="1.686" errors="0" timestamp="2024-03-05T08:33:44 UTC" skipped="0">
  <testcase classname="com.luxequality.tests.Login" name="LoginToWebsite" time="1.686"/>
</testsuite> <!-- com.luxequality.tests.Login -->
