<?xml version="1.0" encoding="UTF-8"?>
<!-- Generated by org.testng.reporters.JUnitReportReporter -->
<testsuite hostname="fv-az1542-524" failures="0" tests="1" name="com.luxequality.tests.Login" time="1.625" errors="0" timestamp="2024-03-05T06:22:26 UTC" skipped="0">
  <testcase classname="com.luxequality.tests.Login" name="LoginToWebsite" time="1.625"/>
</testsuite> <!-- com.luxequality.tests.Login -->
