<?xml version="1.0" encoding="UTF-8"?>
<!-- Generated by org.testng.reporters.JUnitReportReporter -->
<testsuite hostname="fv-az973-634" failures="0" tests="1" name="com.luxequality.tests.Login" time="1.809" errors="0" timestamp="2024-03-10T06:21:09 UTC" skipped="0">
  <testcase classname="com.luxequality.tests.Login" name="LoginToWebsite" time="1.809"/>
</testsuite> <!-- com.luxequality.tests.Login -->
