<?xml version="1.0" encoding="UTF-8"?>
<!-- Generated by org.testng.reporters.JUnitReportReporter -->
<testsuite hostname="fv-az740-5" failures="0" tests="1" name="com.luxequality.tests.Login" time="0.574" errors="0" timestamp="2024-01-14T06:23:14 UTC" skipped="0">
  <testcase classname="com.luxequality.tests.Login" name="LoginToWebsite" time="0.574"/>
</testsuite> <!-- com.luxequality.tests.Login -->
