<?xml version="1.0" encoding="UTF-8"?>
<!-- Generated by org.testng.reporters.JUnitReportReporter -->
<testsuite hostname="fv-az1393-775" failures="0" tests="1" name="com.luxequality.tests.Login" time="0.615" errors="0" timestamp="2024-03-18T06:23:27 UTC" skipped="0">
  <testcase classname="com.luxequality.tests.Login" name="LoginToWebsite" time="0.615"/>
</testsuite> <!-- com.luxequality.tests.Login -->
