<?xml version="1.0" encoding="UTF-8"?>
<!-- Generated by org.testng.reporters.JUnitReportReporter -->
<testsuite hostname="fv-az1426-580" failures="0" tests="1" name="com.luxequality.tests.Login" time="1.664" errors="0" timestamp="2024-03-04T07:11:14 UTC" skipped="0">
  <testcase classname="com.luxequality.tests.Login" name="LoginToWebsite" time="1.664"/>
</testsuite> <!-- com.luxequality.tests.Login -->
