<?xml version="1.0" encoding="UTF-8"?>
<!-- Generated by org.testng.reporters.JUnitReportReporter -->
<testsuite hostname="fv-az735-318" failures="0" tests="1" name="com.luxequality.tests.Login" time="2.072" errors="0" timestamp="2024-02-07T06:22:12 UTC" skipped="0">
  <testcase classname="com.luxequality.tests.Login" name="LoginToWebsite" time="2.072"/>
</testsuite> <!-- com.luxequality.tests.Login -->
