<?xml version="1.0" encoding="UTF-8"?>
<!-- Generated by org.testng.reporters.JUnitReportReporter -->
<testsuite hostname="fv-az1146-363" failures="0" tests="1" name="com.luxequality.tests.Login" time="0.591" errors="0" timestamp="2024-03-15T06:22:30 UTC" skipped="0">
  <testcase classname="com.luxequality.tests.Login" name="LoginToWebsite" time="0.591"/>
</testsuite> <!-- com.luxequality.tests.Login -->
