<?xml version="1.0" encoding="UTF-8"?>
<!-- Generated by org.testng.reporters.JUnitReportReporter -->
<testsuite hostname="fv-az1272-597" failures="0" tests="1" name="com.luxequality.tests.Login" time="1.300" errors="0" timestamp="2024-03-11T06:24:20 UTC" skipped="0">
  <testcase classname="com.luxequality.tests.Login" name="LoginToWebsite" time="1.300"/>
</testsuite> <!-- com.luxequality.tests.Login -->
