<?xml version="1.0" encoding="UTF-8"?>
<!-- Generated by org.testng.reporters.JUnitReportReporter -->
<testsuite hostname="fv-az1391-489" failures="0" tests="1" name="com.luxequality.tests.Login" time="0.607" errors="0" timestamp="2024-01-30T06:22:58 UTC" skipped="0">
  <testcase classname="com.luxequality.tests.Login" name="LoginToWebsite" time="0.607"/>
</testsuite> <!-- com.luxequality.tests.Login -->
