<?xml version="1.0" encoding="UTF-8"?>
<!-- Generated by org.testng.reporters.JUnitReportReporter -->
<testsuite hostname="fv-az695-62" failures="0" tests="1" name="com.luxequality.tests.Login" time="1.647" errors="0" timestamp="2024-03-01T06:23:25 UTC" skipped="0">
  <testcase classname="com.luxequality.tests.Login" name="LoginToWebsite" time="1.647"/>
</testsuite> <!-- com.luxequality.tests.Login -->
