<?xml version="1.0" encoding="UTF-8"?>
<!-- Generated by org.testng.reporters.JUnitReportReporter -->
<testsuite hostname="fv-az529-888" failures="0" tests="1" name="com.luxequality.tests.Login" time="0.551" errors="0" timestamp="2024-01-13T06:22:29 UTC" skipped="0">
  <testcase classname="com.luxequality.tests.Login" name="LoginToWebsite" time="0.551"/>
</testsuite> <!-- com.luxequality.tests.Login -->
