<?xml version="1.0" encoding="UTF-8"?>
<!-- Generated by org.testng.reporters.JUnitReportReporter -->
<testsuite hostname="fv-az1242-670" failures="0" tests="1" name="com.luxequality.tests.Login" time="1.675" errors="0" timestamp="2024-01-31T06:22:37 UTC" skipped="0">
  <testcase classname="com.luxequality.tests.Login" name="LoginToWebsite" time="1.675"/>
</testsuite> <!-- com.luxequality.tests.Login -->
