<?xml version="1.0" encoding="UTF-8"?>
<!-- Generated by org.testng.reporters.JUnitReportReporter -->
<testsuite hostname="fv-az659-810" failures="0" tests="1" name="com.luxequality.tests.Login" time="1.888" errors="0" timestamp="2024-03-16T06:21:20 UTC" skipped="0">
  <testcase classname="com.luxequality.tests.Login" name="LoginToWebsite" time="1.888"/>
</testsuite> <!-- com.luxequality.tests.Login -->
